<?xml version="1.0" encoding="UTF-8"?>
<!-- Generated by org.testng.reporters.JUnitReportReporter -->
<testsuite hostname="15R" name="com.qa.testClasses.ContactsPageTest" tests="7" failures="0" timestamp="9 Feb 2019 08:00:07 GMT" time="208.318" errors="0">
  <testcase name="selectMultipleContactsCheckBoxTest" time="27.893" classname="com.qa.testClasses.ContactsPageTest"/>
  <testcase name="validateCreateNewContact" time="32.613" classname="com.qa.testClasses.ContactsPageTest"/>
  <testcase name="verifyContactsPageLabelTest" time="27.103" classname="com.qa.testClasses.ContactsPageTest"/>
  <testcase name="validateCreateNewContact" time="32.391" classname="com.qa.testClasses.ContactsPageTest"/>
  <testcase name="validateCreateNewContact" time="31.683" classname="com.qa.testClasses.ContactsPageTest"/>
  <testcase name="selectContactsCheckBoxTest" time="26.417" classname="com.qa.testClasses.ContactsPageTest"/>
  <testcase name="validateCreateNewContact" time="30.218" classname="com.qa.testClasses.ContactsPageTest"/>
</testsuite> <!-- com.qa.testClasses.ContactsPageTest -->
