<?xml version="1.0" encoding="UTF-8"?>
<!-- Generated by org.testng.reporters.JUnitReportReporter -->
<testsuite hostname="15R" name="com.qa.testClasses.HomePageTest" tests="3" failures="0" timestamp="9 Feb 2019 08:00:07 GMT" time="73.746" errors="0">
  <testcase name="verifyHomePageTitleTest" time="24.439" classname="com.qa.testClasses.HomePageTest"/>
  <testcase name="verifyUserNameTest" time="23.981" classname="com.qa.testClasses.HomePageTest"/>
  <testcase name="verifyContactsLinkTest" time="25.326" classname="com.qa.testClasses.HomePageTest"/>
</testsuite> <!-- com.qa.testClasses.HomePageTest -->
