<?xml version="1.0" encoding="UTF-8"?>
<!-- Generated by org.testng.reporters.JUnitReportReporter -->
<testsuite hostname="15R" name="com.qa.testClasses.HomePageTest" tests="3" failures="0" timestamp="9 Feb 2019 07:24:47 GMT" time="78.219" errors="0">
  <testcase name="verifyUserNameTest" time="25.236" classname="com.qa.testClasses.HomePageTest"/>
  <testcase name="verifyHomePageTitleTest" time="25.081" classname="com.qa.testClasses.HomePageTest"/>
  <testcase name="verifyContactsLinkTest" time="27.902" classname="com.qa.testClasses.HomePageTest"/>
</testsuite> <!-- com.qa.testClasses.HomePageTest -->
