<?xml version="1.0" encoding="UTF-8"?>
<!-- Generated by org.testng.reporters.JUnitReportReporter -->
<testsuite hostname="15R" name="com.qa.testClasses.ContactsPageTest" tests="7" failures="0" timestamp="9 Feb 2019 07:24:47 GMT" time="206.200" errors="0">
  <testcase name="validateCreateNewContact" time="29.866" classname="com.qa.testClasses.ContactsPageTest"/>
  <testcase name="validateCreateNewContact" time="31.448" classname="com.qa.testClasses.ContactsPageTest"/>
  <testcase name="validateCreateNewContact" time="32.807" classname="com.qa.testClasses.ContactsPageTest"/>
  <testcase name="selectMultipleContactsCheckBoxTest" time="27.249" classname="com.qa.testClasses.ContactsPageTest"/>
  <testcase name="selectContactsCheckBoxTest" time="29.467" classname="com.qa.testClasses.ContactsPageTest"/>
  <testcase name="verifyContactsPageLabelTest" time="25.093" classname="com.qa.testClasses.ContactsPageTest"/>
  <testcase name="validateCreateNewContact" time="30.270" classname="com.qa.testClasses.ContactsPageTest"/>
</testsuite> <!-- com.qa.testClasses.ContactsPageTest -->
